<?xml version="1.0" encoding="UTF-8"?>
<!-- Generated by org.testng.reporters.JUnitXMLReporter -->
<testsuite ignored="4" hostname="LAPTOP-MQ4QQBGA" failures="0" tests="1" name="Default test" time="3.85" errors="0" timestamp="2025-08-06T00:24:15 IST">
  <testcase classname="demoprojecttwo.LoginTest" name="loginWithNoCredentials" time="0.343"/>
  <testcase classname="demoprojecttwo.LoginTest" name="usernameCorrectPasswordIncorrect" time="0.0">
    <ignored/>
  </testcase> <!-- usernameCorrectPasswordIncorrect -->
  <testcase classname="demoprojecttwo.LoginTest" name="usernameIncorrectPasswordIncorrect" time="0.0">
    <ignored/>
  </testcase> <!-- usernameIncorrectPasswordIncorrect -->
  <testcase classname="demoprojecttwo.LoginTest" name="loginBothCorrect" time="0.0">
    <ignored/>
  </testcase> <!-- loginBothCorrect -->
  <testcase classname="demoprojecttwo.LoginTest" name="usernameIncorrectPasswordCorrect" time="0.0">
    <ignored/>
  </testcase> <!-- usernameIncorrectPasswordCorrect -->
</testsuite> <!-- Default test -->
